<?xml version="1.0" encoding="UTF-8"?>
<!-- Generated by org.testng.reporters.JUnitReportReporter -->
<testsuite hostname="DESKTOP-1HPHFPK" failures="0" tests="1" name="qaautomation.december2022.AppTest" time="0.197" errors="0" timestamp="2023-01-07T10:04:21 WIB" skipped="0">
  <testcase classname="qaautomation.december2022.AppTest" name="Test1" time="0.197"/>
  <system-out/>
</testsuite> <!-- qaautomation.december2022.AppTest -->
